2021-11-01 07:50:53,234 INFO  org.apache.flink.runtime.entrypoint.ClusterEntrypoint        [] - --------------------------------------------------------------------------------
2021-11-01 07:50:53,236 INFO  org.apache.flink.runtime.entrypoint.ClusterEntrypoint        [] -  Preconfiguration: 
2021-11-01 07:50:53,236 INFO  org.apache.flink.runtime.entrypoint.ClusterEntrypoint        [] - 


RESOURCE_PARAMS extraction logs:
jvm_params: -Xmx1073741824 -Xms1073741824 -XX:MaxMetaspaceSize=268435456
dynamic_configs: -D jobmanager.memory.off-heap.size=134217728b -D jobmanager.memory.jvm-overhead.min=201326592b -D jobmanager.memory.jvm-metaspace.size=268435456b -D jobmanager.memory.heap.size=1073741824b -D jobmanager.memory.jvm-overhead.max=201326592b
logs: INFO  [] - Loading configuration property: jobmanager.rpc.address, localhost
INFO  [] - Loading configuration property: jobmanager.rpc.port, 6123
INFO  [] - Loading configuration property: jobmanager.memory.process.size, 1600m
INFO  [] - Loading configuration property: taskmanager.memory.process.size, 1728m
INFO  [] - Loading configuration property: taskmanager.numberOfTaskSlots, 1
INFO  [] - Loading configuration property: parallelism.default, 1
INFO  [] - Loading configuration property: jobmanager.execution.failover-strategy, region
INFO  [] - The derived from fraction jvm overhead memory (160.000mb (167772162 bytes)) is less than its min value 192.000mb (201326592 bytes), min value will be used instead
INFO  [] - Final Master Memory configuration:
INFO  [] -   Total Process Memory: 1.563gb (1677721600 bytes)
INFO  [] -     Total Flink Memory: 1.125gb (1207959552 bytes)
INFO  [] -       JVM Heap:         1024.000mb (1073741824 bytes)
INFO  [] -       Off-heap:         128.000mb (134217728 bytes)
INFO  [] -     JVM Metaspace:      256.000mb (268435456 bytes)
INFO  [] -     JVM Overhead:       192.000mb (201326592 bytes)

2021-11-01 07:50:53,236 INFO  org.apache.flink.runtime.entrypoint.ClusterEntrypoint        [] - --------------------------------------------------------------------------------
2021-11-01 07:50:53,237 INFO  org.apache.flink.runtime.entrypoint.ClusterEntrypoint        [] -  Starting StandaloneSessionClusterEntrypoint (Version: 1.13.3, Scala: 2.12, Rev:a4700e3, Date:2021-10-11T23:52:36+02:00)
2021-11-01 07:50:53,237 INFO  org.apache.flink.runtime.entrypoint.ClusterEntrypoint        [] -  OS current user: lindli
2021-11-01 07:50:53,237 INFO  org.apache.flink.runtime.entrypoint.ClusterEntrypoint        [] -  Current Hadoop/Kerberos user: <no hadoop dependency found>
2021-11-01 07:50:53,237 INFO  org.apache.flink.runtime.entrypoint.ClusterEntrypoint        [] -  JVM: Java HotSpot(TM) 64-Bit Server VM - Oracle Corporation - 1.8/25.311-b25
2021-11-01 07:50:53,237 INFO  org.apache.flink.runtime.entrypoint.ClusterEntrypoint        [] -  Maximum heap size: 981 MiBytes
2021-11-01 07:50:53,237 INFO  org.apache.flink.runtime.entrypoint.ClusterEntrypoint        [] -  JAVA_HOME: /Library/Java/JavaVirtualMachines/jdk1.8.0_311.jdk/Contents/Home
2021-11-01 07:50:53,237 INFO  org.apache.flink.runtime.entrypoint.ClusterEntrypoint        [] -  No Hadoop Dependency available
2021-11-01 07:50:53,237 INFO  org.apache.flink.runtime.entrypoint.ClusterEntrypoint        [] -  JVM Options:
2021-11-01 07:50:53,237 INFO  org.apache.flink.runtime.entrypoint.ClusterEntrypoint        [] -     -Xmx1073741824
2021-11-01 07:50:53,237 INFO  org.apache.flink.runtime.entrypoint.ClusterEntrypoint        [] -     -Xms1073741824
2021-11-01 07:50:53,237 INFO  org.apache.flink.runtime.entrypoint.ClusterEntrypoint        [] -     -XX:MaxMetaspaceSize=268435456
2021-11-01 07:50:53,237 INFO  org.apache.flink.runtime.entrypoint.ClusterEntrypoint        [] -     -Dlog.file=/Users/lindli/Desktop/notebook_integration/zeppelin-2/scripts/docker/zeppelin-server/flink-1.13.3/log/flink-lindli-standalonesession-5-lindli-mn1.linkedin.biz.log
2021-11-01 07:50:53,238 INFO  org.apache.flink.runtime.entrypoint.ClusterEntrypoint        [] -     -Dlog4j.configuration=file:/Users/lindli/Desktop/notebook_integration/zeppelin-2/scripts/docker/zeppelin-server/flink-1.13.3/conf/log4j.properties
2021-11-01 07:50:53,238 INFO  org.apache.flink.runtime.entrypoint.ClusterEntrypoint        [] -     -Dlog4j.configurationFile=file:/Users/lindli/Desktop/notebook_integration/zeppelin-2/scripts/docker/zeppelin-server/flink-1.13.3/conf/log4j.properties
2021-11-01 07:50:53,238 INFO  org.apache.flink.runtime.entrypoint.ClusterEntrypoint        [] -     -Dlogback.configurationFile=file:/Users/lindli/Desktop/notebook_integration/zeppelin-2/scripts/docker/zeppelin-server/flink-1.13.3/conf/logback.xml
2021-11-01 07:50:53,238 INFO  org.apache.flink.runtime.entrypoint.ClusterEntrypoint        [] -  Program Arguments:
2021-11-01 07:50:53,239 INFO  org.apache.flink.runtime.entrypoint.ClusterEntrypoint        [] -     --configDir
2021-11-01 07:50:53,239 INFO  org.apache.flink.runtime.entrypoint.ClusterEntrypoint        [] -     /Users/lindli/Desktop/notebook_integration/zeppelin-2/scripts/docker/zeppelin-server/flink-1.13.3/conf
2021-11-01 07:50:53,239 INFO  org.apache.flink.runtime.entrypoint.ClusterEntrypoint        [] -     --executionMode
2021-11-01 07:50:53,239 INFO  org.apache.flink.runtime.entrypoint.ClusterEntrypoint        [] -     cluster
2021-11-01 07:50:53,239 INFO  org.apache.flink.runtime.entrypoint.ClusterEntrypoint        [] -     -D
2021-11-01 07:50:53,239 INFO  org.apache.flink.runtime.entrypoint.ClusterEntrypoint        [] -     jobmanager.memory.off-heap.size=134217728b
2021-11-01 07:50:53,239 INFO  org.apache.flink.runtime.entrypoint.ClusterEntrypoint        [] -     -D
2021-11-01 07:50:53,239 INFO  org.apache.flink.runtime.entrypoint.ClusterEntrypoint        [] -     jobmanager.memory.jvm-overhead.min=201326592b
2021-11-01 07:50:53,239 INFO  org.apache.flink.runtime.entrypoint.ClusterEntrypoint        [] -     -D
2021-11-01 07:50:53,240 INFO  org.apache.flink.runtime.entrypoint.ClusterEntrypoint        [] -     jobmanager.memory.jvm-metaspace.size=268435456b
2021-11-01 07:50:53,240 INFO  org.apache.flink.runtime.entrypoint.ClusterEntrypoint        [] -     -D
2021-11-01 07:50:53,240 INFO  org.apache.flink.runtime.entrypoint.ClusterEntrypoint        [] -     jobmanager.memory.heap.size=1073741824b
2021-11-01 07:50:53,240 INFO  org.apache.flink.runtime.entrypoint.ClusterEntrypoint        [] -     -D
2021-11-01 07:50:53,240 INFO  org.apache.flink.runtime.entrypoint.ClusterEntrypoint        [] -     jobmanager.memory.jvm-overhead.max=201326592b
2021-11-01 07:50:53,240 INFO  org.apache.flink.runtime.entrypoint.ClusterEntrypoint        [] -  Classpath: /Users/lindli/Desktop/notebook_integration/zeppelin-2/scripts/docker/zeppelin-server/flink-1.13.3/lib/flink-csv-1.13.3.jar:/Users/lindli/Desktop/notebook_integration/zeppelin-2/scripts/docker/zeppelin-server/flink-1.13.3/lib/flink-json-1.13.3.jar:/Users/lindli/Desktop/notebook_integration/zeppelin-2/scripts/docker/zeppelin-server/flink-1.13.3/lib/flink-shaded-zookeeper-3.4.14.jar:/Users/lindli/Desktop/notebook_integration/zeppelin-2/scripts/docker/zeppelin-server/flink-1.13.3/lib/flink-table-blink_2.12-1.13.3.jar:/Users/lindli/Desktop/notebook_integration/zeppelin-2/scripts/docker/zeppelin-server/flink-1.13.3/lib/flink-table_2.12-1.13.3.jar:/Users/lindli/Desktop/notebook_integration/zeppelin-2/scripts/docker/zeppelin-server/flink-1.13.3/lib/log4j-1.2-api-2.12.1.jar:/Users/lindli/Desktop/notebook_integration/zeppelin-2/scripts/docker/zeppelin-server/flink-1.13.3/lib/log4j-api-2.12.1.jar:/Users/lindli/Desktop/notebook_integration/zeppelin-2/scripts/docker/zeppelin-server/flink-1.13.3/lib/log4j-core-2.12.1.jar:/Users/lindli/Desktop/notebook_integration/zeppelin-2/scripts/docker/zeppelin-server/flink-1.13.3/lib/log4j-slf4j-impl-2.12.1.jar:/Users/lindli/Desktop/notebook_integration/zeppelin-2/scripts/docker/zeppelin-server/flink-1.13.3/lib/flink-dist_2.12-1.13.3.jar:::
2021-11-01 07:50:53,240 INFO  org.apache.flink.runtime.entrypoint.ClusterEntrypoint        [] - --------------------------------------------------------------------------------
2021-11-01 07:50:53,242 INFO  org.apache.flink.runtime.entrypoint.ClusterEntrypoint        [] - Registered UNIX signal handlers for [TERM, HUP, INT]
2021-11-01 07:50:53,258 INFO  org.apache.flink.configuration.GlobalConfiguration           [] - Loading configuration property: jobmanager.rpc.address, localhost
2021-11-01 07:50:53,258 INFO  org.apache.flink.configuration.GlobalConfiguration           [] - Loading configuration property: jobmanager.rpc.port, 6123
2021-11-01 07:50:53,258 INFO  org.apache.flink.configuration.GlobalConfiguration           [] - Loading configuration property: jobmanager.memory.process.size, 1600m
2021-11-01 07:50:53,258 INFO  org.apache.flink.configuration.GlobalConfiguration           [] - Loading configuration property: taskmanager.memory.process.size, 1728m
2021-11-01 07:50:53,258 INFO  org.apache.flink.configuration.GlobalConfiguration           [] - Loading configuration property: taskmanager.numberOfTaskSlots, 1
2021-11-01 07:50:53,258 INFO  org.apache.flink.configuration.GlobalConfiguration           [] - Loading configuration property: parallelism.default, 1
2021-11-01 07:50:53,258 INFO  org.apache.flink.configuration.GlobalConfiguration           [] - Loading configuration property: jobmanager.execution.failover-strategy, region
2021-11-01 07:50:53,281 INFO  org.apache.flink.runtime.entrypoint.ClusterEntrypoint        [] - Starting StandaloneSessionClusterEntrypoint.
2021-11-01 07:50:53,351 INFO  org.apache.flink.runtime.entrypoint.ClusterEntrypoint        [] - Install default filesystem.
2021-11-01 07:50:53,357 INFO  org.apache.flink.core.fs.FileSystem                          [] - Hadoop is not in the classpath/dependencies. The extended set of supported File Systems via Hadoop is not available.
2021-11-01 07:50:53,423 INFO  org.apache.flink.runtime.entrypoint.ClusterEntrypoint        [] - Install security context.
2021-11-01 07:50:53,436 INFO  org.apache.flink.runtime.security.modules.HadoopModuleFactory [] - Cannot create Hadoop Security Module because Hadoop cannot be found in the Classpath.
2021-11-01 07:50:53,453 INFO  org.apache.flink.runtime.security.modules.JaasModule         [] - Jaas file will be created as /var/folders/41/tf5g73_d54x3w24yrdpm_vwh001n79/T/jaas-1258774526394252105.conf.
2021-11-01 07:50:53,463 INFO  org.apache.flink.runtime.security.contexts.HadoopSecurityContextFactory [] - Cannot install HadoopSecurityContext because Hadoop cannot be found in the Classpath.
2021-11-01 07:50:53,465 INFO  org.apache.flink.runtime.entrypoint.ClusterEntrypoint        [] - Initializing cluster services.
2021-11-01 07:50:53,517 INFO  org.apache.flink.runtime.rpc.akka.AkkaRpcServiceUtils        [] - Trying to start actor system, external address localhost:6123, bind address 0.0.0.0:6123.
2021-11-01 07:50:54,628 INFO  akka.event.slf4j.Slf4jLogger                                 [] - Slf4jLogger started
2021-11-01 07:50:54,662 INFO  akka.remote.Remoting                                         [] - Starting remoting
2021-11-01 07:50:54,881 INFO  akka.remote.Remoting                                         [] - Remoting started; listening on addresses :[akka.tcp://flink@localhost:6123]
2021-11-01 07:50:54,984 INFO  org.apache.flink.runtime.rpc.akka.AkkaRpcServiceUtils        [] - Actor system started at akka.tcp://flink@localhost:6123
2021-11-01 07:50:55,017 INFO  org.apache.flink.configuration.Configuration                 [] - Config uses fallback configuration key 'jobmanager.rpc.address' instead of key 'rest.address'
2021-11-01 07:50:55,030 INFO  org.apache.flink.runtime.blob.BlobServer                     [] - Created BLOB server storage directory /var/folders/41/tf5g73_d54x3w24yrdpm_vwh001n79/T/blobStore-c3005951-5156-4bff-aa0a-6f651a44e5fa
2021-11-01 07:50:55,034 INFO  org.apache.flink.runtime.blob.BlobServer                     [] - Started BLOB server at 0.0.0.0:62437 - max concurrent requests: 50 - max backlog: 1000
2021-11-01 07:50:55,046 INFO  org.apache.flink.runtime.metrics.MetricRegistryImpl          [] - No metrics reporter configured, no metrics will be exposed/reported.
2021-11-01 07:50:55,052 INFO  org.apache.flink.runtime.rpc.akka.AkkaRpcServiceUtils        [] - Trying to start actor system, external address localhost:0, bind address 0.0.0.0:0.
2021-11-01 07:50:55,069 INFO  akka.event.slf4j.Slf4jLogger                                 [] - Slf4jLogger started
2021-11-01 07:50:55,073 INFO  akka.remote.Remoting                                         [] - Starting remoting
2021-11-01 07:50:55,080 INFO  akka.remote.Remoting                                         [] - Remoting started; listening on addresses :[akka.tcp://flink-metrics@localhost:62438]
2021-11-01 07:50:55,091 INFO  org.apache.flink.runtime.rpc.akka.AkkaRpcServiceUtils        [] - Actor system started at akka.tcp://flink-metrics@localhost:62438
2021-11-01 07:50:55,110 INFO  org.apache.flink.runtime.rpc.akka.AkkaRpcService             [] - Starting RPC endpoint for org.apache.flink.runtime.metrics.dump.MetricQueryService at akka://flink-metrics/user/rpc/MetricQueryService .
2021-11-01 07:50:55,155 INFO  org.apache.flink.runtime.dispatcher.FileExecutionGraphInfoStore [] - Initializing FileExecutionGraphInfoStore: Storage directory /var/folders/41/tf5g73_d54x3w24yrdpm_vwh001n79/T/executionGraphStore-f4a149dd-8bed-442a-aa9e-99fb59256f9e, expiration time 3600000, maximum cache size 52428800 bytes.
2021-11-01 07:50:55,227 INFO  org.apache.flink.configuration.Configuration                 [] - Config uses fallback configuration key 'jobmanager.rpc.address' instead of key 'rest.address'
2021-11-01 07:50:55,229 INFO  org.apache.flink.runtime.dispatcher.DispatcherRestEndpoint   [] - Upload directory /var/folders/41/tf5g73_d54x3w24yrdpm_vwh001n79/T/flink-web-f38fac0e-e1c8-4143-b60c-b40c286080ea/flink-web-upload does not exist. 
2021-11-01 07:50:55,230 INFO  org.apache.flink.runtime.dispatcher.DispatcherRestEndpoint   [] - Created directory /var/folders/41/tf5g73_d54x3w24yrdpm_vwh001n79/T/flink-web-f38fac0e-e1c8-4143-b60c-b40c286080ea/flink-web-upload for file uploads.
2021-11-01 07:50:55,232 INFO  org.apache.flink.runtime.dispatcher.DispatcherRestEndpoint   [] - Starting rest endpoint.
2021-11-01 07:50:55,645 INFO  org.apache.flink.runtime.webmonitor.WebMonitorUtils          [] - Determined location of main cluster component log file: /Users/lindli/Desktop/notebook_integration/zeppelin-2/scripts/docker/zeppelin-server/flink-1.13.3/log/flink-lindli-standalonesession-5-lindli-mn1.linkedin.biz.log
2021-11-01 07:50:55,646 INFO  org.apache.flink.runtime.webmonitor.WebMonitorUtils          [] - Determined location of main cluster component stdout file: /Users/lindli/Desktop/notebook_integration/zeppelin-2/scripts/docker/zeppelin-server/flink-1.13.3/log/flink-lindli-standalonesession-5-lindli-mn1.linkedin.biz.out
2021-11-01 07:50:55,857 INFO  org.apache.flink.runtime.dispatcher.DispatcherRestEndpoint   [] - Rest endpoint listening at localhost:8081
2021-11-01 07:50:55,859 INFO  org.apache.flink.runtime.dispatcher.DispatcherRestEndpoint   [] - http://localhost:8081 was granted leadership with leaderSessionID=00000000-0000-0000-0000-000000000000
2021-11-01 07:50:55,859 INFO  org.apache.flink.runtime.dispatcher.DispatcherRestEndpoint   [] - Web frontend listening at http://localhost:8081.
2021-11-01 07:50:55,904 INFO  org.apache.flink.runtime.rpc.akka.AkkaRpcService             [] - Starting RPC endpoint for org.apache.flink.runtime.resourcemanager.StandaloneResourceManager at akka://flink/user/rpc/resourcemanager_0 .
2021-11-01 07:50:55,926 INFO  org.apache.flink.runtime.dispatcher.runner.DefaultDispatcherRunner [] - DefaultDispatcherRunner was granted leadership with leader id 00000000-0000-0000-0000-000000000000. Creating new DispatcherLeaderProcess.
2021-11-01 07:50:55,932 INFO  org.apache.flink.runtime.dispatcher.runner.SessionDispatcherLeaderProcess [] - Start SessionDispatcherLeaderProcess.
2021-11-01 07:50:55,935 INFO  org.apache.flink.runtime.resourcemanager.StandaloneResourceManager [] - Starting the resource manager.
2021-11-01 07:50:55,935 INFO  org.apache.flink.runtime.dispatcher.runner.SessionDispatcherLeaderProcess [] - Recover all persisted job graphs.
2021-11-01 07:50:55,935 INFO  org.apache.flink.runtime.dispatcher.runner.SessionDispatcherLeaderProcess [] - Successfully recovered 0 persisted job graphs.
2021-11-01 07:50:55,938 INFO  org.apache.flink.runtime.resourcemanager.StandaloneResourceManager [] - ResourceManager akka.tcp://flink@localhost:6123/user/rpc/resourcemanager_0 was granted leadership with fencing token 00000000000000000000000000000000
2021-11-01 07:50:55,945 INFO  org.apache.flink.runtime.rpc.akka.AkkaRpcService             [] - Starting RPC endpoint for org.apache.flink.runtime.dispatcher.StandaloneDispatcher at akka://flink/user/rpc/dispatcher_1 .
2021-11-01 07:50:58,230 INFO  org.apache.flink.runtime.resourcemanager.StandaloneResourceManager [] - Registering TaskManager with ResourceID 10.0.0.195:62440-b21f2e (akka.tcp://flink@10.0.0.195:62440/user/rpc/taskmanager_0) at ResourceManager
